
SQL*Loader: Release 11.2.0.2.0 - Production on Fri Apr 17 20:43:57 2020

Copyright (c) 1982, 2009, Oracle and/or its affiliates.  All rights reserved.

Control File:   LOADdorm.ctl
Data File:      ./csv/dorm.csv
  Bad File:     dorm.bad
  Discard File:  none specified
 
 (Allow all discards)

Number to load: ALL
Number to skip: 0
Errors allowed: 50
Bind array:     64 rows, maximum of 256000 bytes
Continuation:    none specified
Path used:      Conventional

Table DORM, loaded from every logical record.
Insert option in effect for this table: INSERT

   Column Name                  Position   Len  Term Encl Datatype
------------------------------ ---------- ----- ---- ---- ---------------------
DORM                                FIRST     *   ,  O(") CHARACTER            
QUAD                                 NEXT     *   ,  O(") CHARACTER            
MASCOT                               NEXT     *   ,  O(") CHARACTER            
AIRCONDITIONING                      NEXT     *   ,  O(") CHARACTER            


Table DORM:
  30 Rows successfully loaded.
  0 Rows not loaded due to data errors.
  0 Rows not loaded because all WHEN clauses were failed.
  0 Rows not loaded because all fields were null.


Space allocated for bind array:                  66048 bytes(64 rows)
Read   buffer bytes: 1048576

Total logical records skipped:          0
Total logical records read:            30
Total logical records rejected:         0
Total logical records discarded:        0

Run began on Fri Apr 17 20:43:57 2020
Run ended on Fri Apr 17 20:43:57 2020

Elapsed time was:     00:00:00.26
CPU time was:         00:00:00.02
