
SQL*Loader: Release 11.2.0.2.0 - Production on Sat Apr 18 00:35:16 2020

Copyright (c) 1982, 2009, Oracle and/or its affiliates.  All rights reserved.

Control File:   LOADminor.ctl
Data File:      ./csv/minor.csv
  Bad File:     minor.bad
  Discard File:  none specified
 
 (Allow all discards)

Number to load: ALL
Number to skip: 0
Errors allowed: 50
Bind array:     64 rows, maximum of 256000 bytes
Continuation:    none specified
Path used:      Conventional

Table MINOR, loaded from every logical record.
Insert option in effect for this table: INSERT

   Column Name                  Position   Len  Term Encl Datatype
------------------------------ ---------- ----- ---- ---- ---------------------
MINOR                               FIRST     *   ,  O(") CHARACTER            


Table MINOR:
  76 Rows successfully loaded.
  0 Rows not loaded due to data errors.
  0 Rows not loaded because all WHEN clauses were failed.
  0 Rows not loaded because all fields were null.


Space allocated for bind array:                  16512 bytes(64 rows)
Read   buffer bytes: 1048576

Total logical records skipped:          0
Total logical records read:            76
Total logical records rejected:         0
Total logical records discarded:        0

Run began on Sat Apr 18 00:35:16 2020
Run ended on Sat Apr 18 00:35:16 2020

Elapsed time was:     00:00:00.04
CPU time was:         00:00:00.00
